<?xml version="1.0" encoding="UTF-8"?>
<testsuite name="junit.FirstJUTest" tests="1" skipped="0" failures="0" errors="0" timestamp="2024-01-27T13:38:34" hostname="DESKTOP-HS4HDEA" time="0.032">
  <properties/>
  <testcase name="firstTest()" classname="junit.FirstJUTest" time="0.032"/>
  <system-out><![CDATA[1
test body
2
]]></system-out>
  <system-err><![CDATA[]]></system-err>
</testsuite>
